<?xml version="1.0" encoding="UTF-8"?>
<!-- Generated by org.testng.reporters.JUnitReportReporter -->
<testsuite hostname="DESKTOP-2Q5D4N4" failures="0" tests="1" name="Tests_DELETE" time="4.125" errors="0" timestamp="2020-12-26T01:08:33 IST" skipped="0">
  <testcase classname="Tests_DELETE" name="test_04_DELETE" time="4.125"/>
  <system-out/>
</testsuite> <!-- Tests_DELETE -->
