<?xml version="1.0" encoding="UTF-8"?>
<!-- Generated by org.testng.reporters.JUnitReportReporter -->
<testsuite hostname="DESKTOP-2Q5D4N4" failures="0" tests="3" name="DataDrivenExamples1" time="3.825" errors="0" timestamp="2020-12-29T02:51:16 IST" skipped="0">
  <testcase classname="DataDrivenExamples1" name="test_delete" time="0.058"/>
  <system-out/>
  <testcase classname="DataDrivenExamples1" name="test_delete" time="0.050"/>
  <system-out/>
  <testcase classname="DataDrivenExamples1" name="test_delete" time="3.717"/>
  <system-out/>
</testsuite> <!-- DataDrivenExamples1 -->
