<?xml version="1.0" encoding="UTF-8"?>
<!-- Generated by org.testng.reporters.JUnitReportReporter -->
<testsuite hostname="DESKTOP-2Q5D4N4" failures="0" tests="1" name="Tests_PATCH" time="4.027" errors="0" timestamp="2020-12-26T00:59:40 IST" skipped="0">
  <testcase classname="Tests_PATCH" name="test_03_PATCH" time="4.027"/>
  <system-out/>
</testsuite> <!-- Tests_PATCH -->
