<?xml version="1.0" encoding="UTF-8"?>
<!-- Generated by org.testng.reporters.JUnitReportReporter -->
<testsuite hostname="DESKTOP-2Q5D4N4" failures="0" tests="1" name="localAPIs.test_a_GET" time="3.616" errors="0" timestamp="2020-12-26T02:00:02 IST" skipped="0">
  <testcase classname="localAPIs.test_a_GET" name="test_get" time="3.616"/>
  <system-out/>
</testsuite> <!-- localAPIs.test_a_GET -->
