<?xml version="1.0" encoding="UTF-8"?>
<!-- Generated by org.testng.reporters.JUnitReportReporter -->
<testsuite hostname="DESKTOP-2Q5D4N4" failures="0" tests="1" name="Tests_GET" time="5.445" errors="0" timestamp="2020-12-25T22:56:05 IST" skipped="0">
  <testcase classname="Tests_GET" name="test1_GET" time="5.445"/>
  <system-out/>
</testsuite> <!-- Tests_GET -->
