<?xml version="1.0" encoding="UTF-8"?>
<!-- Generated by org.testng.reporters.JUnitReportReporter -->
<testsuite hostname="DESKTOP-2Q5D4N4" failures="0" tests="1" name="Tests_POST" time="3.988" errors="0" timestamp="2020-12-25T23:42:13 IST" skipped="0">
  <testcase classname="Tests_POST" name="test_POST" time="3.988"/>
  <system-out/>
</testsuite> <!-- Tests_POST -->
