<?xml version="1.0" encoding="UTF-8"?>
<!-- Generated by org.testng.reporters.JUnitReportReporter -->
<testsuite hostname="DESKTOP-2Q5D4N4" failures="0" tests="1" name="Tests_PUT" time="3.991" errors="0" timestamp="2020-12-26T00:46:07 IST" skipped="0">
  <testcase classname="Tests_PUT" name="test_PUT" time="3.991"/>
  <system-out/>
</testsuite> <!-- Tests_PUT -->
