<?xml version="1.0" encoding="UTF-8"?>
<!-- Generated by org.testng.reporters.JUnitReportReporter -->
<testsuite hostname="DESKTOP-2Q5D4N4" failures="0" tests="2" name="Test01_GET" time="7.732" errors="0" timestamp="2020-12-25T22:48:02 IST" skipped="0">
  <testcase classname="Test01_GET" name="Test_02" time="2.046"/>
  <system-out/>
  <testcase classname="Test01_GET" name="GET" time="5.686"/>
  <system-out/>
</testsuite> <!-- Test01_GET -->
